<?xml version="1.0" encoding="UTF-8"?>
<!-- Generated by org.testng.reporters.JUnitReportReporter -->
<testsuite hostname="DESKTOP-Q9RCK1B" failures="0" tests="4" name="com.cucumberTests.runners.CalculatorRunner" time="0.158" errors="0" timestamp="2023-06-15T23:17:25 PDT" skipped="0">
  <testcase classname="com.cucumberTests.runners.CalculatorRunner" name="runScenario" time="0.124"/>
  <system-out/>
  <testcase classname="com.cucumberTests.runners.CalculatorRunner" name="runScenario" time="0.008"/>
  <system-out/>
  <testcase classname="com.cucumberTests.runners.CalculatorRunner" name="runScenario" time="0.011"/>
  <system-out/>
  <testcase classname="com.cucumberTests.runners.CalculatorRunner" name="runScenario" time="0.015"/>
  <system-out/>
</testsuite> <!-- com.cucumberTests.runners.CalculatorRunner -->
