<?xml version="1.0" encoding="UTF-8"?>
<!-- Generated by org.testng.reporters.JUnitReportReporter -->
<testsuite hostname="DESKTOP-Q9RCK1B" failures="0" tests="1" name="com.cucumberTests.runners.FirebaseRunner" time="9.620" errors="0" timestamp="2023-06-16T00:00:57 PDT" skipped="0">
  <testcase classname="com.cucumberTests.runners.FirebaseRunner" name="runScenario" time="9.620"/>
  <system-out/>
</testsuite> <!-- com.cucumberTests.runners.FirebaseRunner -->
