<?xml version="1.0" encoding="UTF-8"?>
<!-- Generated by org.testng.reporters.JUnitReportReporter -->
<testsuite hostname="DESKTOP-Q9RCK1B" failures="0" tests="2" name="com.cucumberTests.runners.FirebaseRunner" time="17.400" errors="0" timestamp="2023-06-17T17:15:41 PDT" skipped="0">
  <testcase classname="com.cucumberTests.runners.FirebaseRunner" name="runScenario" time="9.922"/>
  <system-out/>
  <testcase classname="com.cucumberTests.runners.FirebaseRunner" name="runScenario" time="7.478"/>
  <system-out/>
</testsuite> <!-- com.cucumberTests.runners.FirebaseRunner -->
