<?xml version="1.0" encoding="UTF-8"?>
<!-- Generated by org.testng.reporters.JUnitReportReporter -->
<testsuite hostname="DESKTOP-Q9RCK1B" failures="0" tests="6" name="com.cucumberTests.runners.CalculatorRunner" time="0.116" errors="0" timestamp="2023-06-15T21:51:35 PDT" skipped="0">
  <testcase classname="com.cucumberTests.runners.CalculatorRunner" name="runScenario" time="0.088"/>
  <system-out/>
  <testcase classname="com.cucumberTests.runners.CalculatorRunner" name="runScenario" time="0.009"/>
  <system-out/>
  <testcase classname="com.cucumberTests.runners.CalculatorRunner" name="runScenario" time="0.004"/>
  <system-out/>
  <testcase classname="com.cucumberTests.runners.CalculatorRunner" name="runScenario" time="0.005"/>
  <system-out/>
  <testcase classname="com.cucumberTests.runners.CalculatorRunner" name="runScenario" time="0.006"/>
  <system-out/>
  <testcase classname="com.cucumberTests.runners.CalculatorRunner" name="runScenario" time="0.004"/>
  <system-out/>
</testsuite> <!-- com.cucumberTests.runners.CalculatorRunner -->
