<?xml version="1.0" encoding="UTF-8"?>
<!-- Generated by org.testng.reporters.JUnitReportReporter -->
<testsuite hostname="DESKTOP-Q9RCK1B" failures="0" tests="1" name="com.restTests.tests.DummyRestAPIEndToEndTest" time="4.321" errors="0" timestamp="2023-07-17T20:16:51 PDT" skipped="0">
  <testcase classname="com.restTests.tests.DummyRestAPIEndToEndTest" name="TC_005_getDetailsEmployeeId" time="4.321"/>
  <system-out/>
</testsuite> <!-- com.restTests.tests.DummyRestAPIEndToEndTest -->
