<?xml version="1.0" encoding="UTF-8"?>
<!-- Generated by org.testng.reporters.JUnitReportReporter -->
<testsuite hostname="DESKTOP-Q9RCK1B" failures="0" tests="1" name="com.restTests.tests.DummyRestAPIEndToEndTest" time="4.001" errors="0" timestamp="2023-07-17T15:31:19 PDT" skipped="0">
  <testcase classname="com.restTests.tests.DummyRestAPIEndToEndTest" name="TC_001_getEmployeeData" time="4.001"/>
  <system-out/>
</testsuite> <!-- com.restTests.tests.DummyRestAPIEndToEndTest -->
