<?xml version="1.0" encoding="UTF-8"?>
<!-- Generated by org.testng.reporters.JUnitReportReporter -->
<testsuite hostname="DESKTOP-Q9RCK1B" failures="0" tests="1" name="com.logging.LoggingTest" time="0.853" errors="0" timestamp="2023-06-04T19:52:16 PDT" skipped="0">
  <testcase classname="com.logging.LoggingTest" name="login" time="0.853"/>
  <system-out/>
</testsuite> <!-- com.logging.LoggingTest -->
