<?xml version="1.0" encoding="UTF-8"?>
<!-- Generated by org.testng.reporters.JUnitReportReporter -->
<testsuite hostname="DESKTOP-Q9RCK1B" failures="0" tests="5" name="com.restTests.tests.TekarchApiEndToEnd" time="51.429" errors="0" timestamp="2023-06-25T18:33:47 PDT" skipped="0">
  <testcase classname="com.restTests.tests.TekarchApiEndToEnd" name="TC_001_validLogin" time="2.925"/>
  <system-out/>
  <testcase classname="com.restTests.tests.TekarchApiEndToEnd" name="TC_002_getUserData" time="19.989"/>
  <system-out/>
  <testcase classname="com.restTests.tests.TekarchApiEndToEnd" name="TC_003_addUserData" time="0.340"/>
  <system-out/>
  <testcase classname="com.restTests.tests.TekarchApiEndToEnd" name="TC_004_updateUserData" time="14.958"/>
  <system-out/>
  <testcase classname="com.restTests.tests.TekarchApiEndToEnd" name="TC_005_deleteUserData" time="13.217"/>
  <system-out/>
</testsuite> <!-- com.restTests.tests.TekarchApiEndToEnd -->
