<?xml version="1.0" encoding="UTF-8"?>
<!-- Generated by org.testng.reporters.JUnitReportReporter -->
<testsuite hostname="DESKTOP-Q9RCK1B" failures="0" tests="2" name="com.restTests.simpleTests.TekarchApiGetAllUsers" time="10.618" errors="0" timestamp="2023-06-24T16:07:28 PDT" skipped="0">
  <testcase classname="com.restTests.simpleTests.TekarchApiGetAllUsers" name="loginToApi1" time="3.290"/>
  <system-out/>
  <testcase classname="com.restTests.simpleTests.TekarchApiGetAllUsers" name="getUsers" time="7.328"/>
  <system-out/>
</testsuite> <!-- com.restTests.simpleTests.TekarchApiGetAllUsers -->
