<?xml version="1.0" encoding="UTF-8"?>
<!-- Generated by org.testng.reporters.JUnitReportReporter -->
<testsuite hostname="DESKTOP-Q9RCK1B" failures="0" tests="2" name="com.restTests.simpleTests.TekarchApiCreateUser" time="7.465" errors="0" timestamp="2023-06-25T17:15:50 PDT" skipped="0">
  <testcase classname="com.restTests.simpleTests.TekarchApiCreateUser" name="addUser" time="2.729"/>
  <system-out/>
  <testcase classname="com.restTests.simpleTests.TekarchApiCreateUser" name="loginToApi1" time="4.736"/>
  <system-out/>
</testsuite> <!-- com.restTests.simpleTests.TekarchApiCreateUser -->
