<?xml version="1.0" encoding="UTF-8"?>
<!-- Generated by org.testng.reporters.JUnitReportReporter -->
<testsuite hostname="DESKTOP-Q9RCK1B" failures="0" tests="5" name="com.restTests.tests.TekarchApiEndToEnd" time="44.989" errors="0" timestamp="2023-07-04T17:30:44 PDT" skipped="0">
  <testcase classname="com.restTests.tests.TekarchApiEndToEnd" name="TC_001_validLogin" time="4.216"/>
  <system-out/>
  <testcase classname="com.restTests.tests.TekarchApiEndToEnd" name="TC_002_getUserData" time="19.182"/>
  <system-out/>
  <testcase classname="com.restTests.tests.TekarchApiEndToEnd" name="TC_003_addUserData" time="0.306"/>
  <system-out/>
  <testcase classname="com.restTests.tests.TekarchApiEndToEnd" name="TC_004_updateUserData" time="15.620"/>
  <system-out/>
  <testcase classname="com.restTests.tests.TekarchApiEndToEnd" name="TC_005_deleteUserData" time="5.665"/>
  <system-out/>
</testsuite> <!-- com.restTests.tests.TekarchApiEndToEnd -->
