<?xml version="1.0" encoding="UTF-8"?>
<!-- Generated by org.testng.reporters.JUnitReportReporter -->
<testsuite hostname="DESKTOP-Q9RCK1B" failures="0" tests="5" name="com.restTests.tests.TekarchApiEndToEnd" time="41.472" errors="0" timestamp="2023-07-03T22:34:50 PDT" skipped="0">
  <testcase classname="com.restTests.tests.TekarchApiEndToEnd" name="TC_001_validLogin" time="2.319"/>
  <system-out/>
  <testcase classname="com.restTests.tests.TekarchApiEndToEnd" name="TC_002_getUserData" time="14.171"/>
  <system-out/>
  <testcase classname="com.restTests.tests.TekarchApiEndToEnd" name="TC_003_addUserData" time="0.344"/>
  <system-out/>
  <testcase classname="com.restTests.tests.TekarchApiEndToEnd" name="TC_004_updateUserData" time="12.343"/>
  <system-out/>
  <testcase classname="com.restTests.tests.TekarchApiEndToEnd" name="TC_005_deleteUserData" time="12.295"/>
  <system-out/>
</testsuite> <!-- com.restTests.tests.TekarchApiEndToEnd -->
