<?xml version="1.0" encoding="UTF-8"?>
<!-- Generated by org.testng.reporters.JUnitReportReporter -->
<testsuite hostname="DESKTOP-Q9RCK1B" failures="0" tests="2" name="com.restTests.simpleTests.SimpleRestRequests" time="5.498" errors="0" timestamp="2023-06-22T00:43:30 PDT" skipped="0">
  <testcase classname="com.restTests.simpleTests.SimpleRestRequests" name="TestFakeRestApi" time="4.528"/>
  <system-out/>
  <testcase classname="com.restTests.simpleTests.SimpleRestRequests" name="TestItAgain" time="0.970"/>
  <system-out/>
</testsuite> <!-- com.restTests.simpleTests.SimpleRestRequests -->
