<?xml version="1.0" encoding="UTF-8"?>
<!-- Generated by org.testng.reporters.JUnitReportReporter -->
<testsuite hostname="DESKTOP-Q9RCK1B" failures="0" tests="5" name="com.restTests.tests.TekarchApiEndToEnd" time="57.258" errors="0" timestamp="2023-06-26T08:33:00 PDT" skipped="0">
  <testcase classname="com.restTests.tests.TekarchApiEndToEnd" name="TC_001_validLogin" time="2.969"/>
  <system-out/>
  <testcase classname="com.restTests.tests.TekarchApiEndToEnd" name="TC_002_getUserData" time="16.745"/>
  <system-out/>
  <testcase classname="com.restTests.tests.TekarchApiEndToEnd" name="TC_003_addUserData" time="4.788"/>
  <system-out/>
  <testcase classname="com.restTests.tests.TekarchApiEndToEnd" name="TC_004_updateUserData" time="16.064"/>
  <system-out/>
  <testcase classname="com.restTests.tests.TekarchApiEndToEnd" name="TC_005_deleteUserData" time="16.692"/>
  <system-out/>
</testsuite> <!-- com.restTests.tests.TekarchApiEndToEnd -->
