<?xml version="1.0" encoding="UTF-8"?>
<!-- Generated by org.testng.reporters.JUnitReportReporter -->
<testsuite hostname="DESKTOP-Q9RCK1B" failures="0" tests="2" name="com.restTests.simpleTests.TekarchApiCreateUser" time="3.156" errors="0" timestamp="2023-07-03T21:47:04 PDT" skipped="0">
  <testcase classname="com.restTests.simpleTests.TekarchApiCreateUser" name="addUser" time="0.392"/>
  <system-out/>
  <testcase classname="com.restTests.simpleTests.TekarchApiCreateUser" name="loginToApi1" time="2.764"/>
  <system-out/>
</testsuite> <!-- com.restTests.simpleTests.TekarchApiCreateUser -->
