<?xml version="1.0" encoding="UTF-8"?>
<!-- Generated by org.testng.reporters.JUnitReportReporter -->
<testsuite hostname="DESKTOP-Q9RCK1B" failures="0" tests="2" name="com.restTests.simpleTests.TekarchApiLogin" time="18.989" errors="0" timestamp="2023-06-23T08:14:46 PDT" skipped="0">
  <testcase classname="com.restTests.simpleTests.TekarchApiLogin" name="loginToApi1" time="3.686"/>
  <system-out/>
  <testcase classname="com.restTests.simpleTests.TekarchApiLogin" name="getUsers" time="15.303"/>
  <system-out/>
</testsuite> <!-- com.restTests.simpleTests.TekarchApiLogin -->
