<?xml version="1.0" encoding="UTF-8"?>
<!-- Generated by org.testng.reporters.JUnitReportReporter -->
<testsuite hostname="DESKTOP-Q9RCK1B" failures="0" tests="5" name="com.restTests.tests.TekarchApiEndToEnd" time="42.279" errors="0" timestamp="2023-06-27T22:46:51 PDT" skipped="0">
  <testcase classname="com.restTests.tests.TekarchApiEndToEnd" name="TC_001_validLogin" time="2.990"/>
  <system-out/>
  <testcase classname="com.restTests.tests.TekarchApiEndToEnd" name="TC_002_getUserData" time="6.201"/>
  <system-out/>
  <testcase classname="com.restTests.tests.TekarchApiEndToEnd" name="TC_003_addUserData" time="1.792"/>
  <system-out/>
  <testcase classname="com.restTests.tests.TekarchApiEndToEnd" name="TC_004_updateUserData" time="15.793"/>
  <system-out/>
  <testcase classname="com.restTests.tests.TekarchApiEndToEnd" name="TC_005_deleteUserData" time="15.503"/>
  <system-out/>
</testsuite> <!-- com.restTests.tests.TekarchApiEndToEnd -->
