<?xml version="1.0" encoding="UTF-8"?>
<!-- Generated by org.testng.reporters.JUnitReportReporter -->
<testsuite hostname="DESKTOP-Q9RCK1B" failures="0" tests="2" name="com.restTests.simpleTests.TekarchApiCreateUser" time="3.482" errors="0" timestamp="2023-06-24T15:58:31 PDT" skipped="0">
  <testcase classname="com.restTests.simpleTests.TekarchApiCreateUser" name="loginToApi1" time="3.131"/>
  <system-out/>
  <testcase classname="com.restTests.simpleTests.TekarchApiCreateUser" name="CreateUser" time="0.351"/>
  <system-out/>
</testsuite> <!-- com.restTests.simpleTests.TekarchApiCreateUser -->
