<?xml version="1.0" encoding="UTF-8"?>
<!-- Generated by org.testng.reporters.JUnitReportReporter -->
<testsuite hostname="DESKTOP-Q9RCK1B" failures="0" tests="2" name="com.restTests.simpleTests.TekarchApiLogin" time="16.963" errors="0" timestamp="2023-07-04T00:59:55 PDT" skipped="0">
  <testcase classname="com.restTests.simpleTests.TekarchApiLogin" name="loginToApi1" time="4.492"/>
  <system-out/>
  <testcase classname="com.restTests.simpleTests.TekarchApiLogin" name="minimumAndMaximumSalaryAllRecords" time="12.471"/>
  <system-out/>
</testsuite> <!-- com.restTests.simpleTests.TekarchApiLogin -->
