<?xml version="1.0" encoding="UTF-8"?>
<!-- Generated by org.testng.reporters.JUnitReportReporter -->
<testsuite hostname="DESKTOP-Q9RCK1B" failures="0" tests="5" name="com.automation.runners.SalesforceRunner" time="46.148" errors="0" timestamp="2023-06-18T17:06:33 PDT" skipped="0">
  <testcase classname="com.automation.runners.SalesforceRunner" name="runScenario" time="8.555"/>
  <system-out/>
  <testcase classname="com.automation.runners.SalesforceRunner" name="runScenario" time="13.877"/>
  <system-out/>
  <testcase classname="com.automation.runners.SalesforceRunner" name="runScenario" time="8.539"/>
  <system-out/>
  <testcase classname="com.automation.runners.SalesforceRunner" name="runScenario" time="11.168"/>
  <system-out/>
  <testcase classname="com.automation.runners.SalesforceRunner" name="runScenario" time="4.009"/>
  <system-out/>
</testsuite> <!-- com.automation.runners.SalesforceRunner -->
