<?xml version="1.0" encoding="UTF-8"?>
<!-- Generated by org.testng.reporters.JUnitReportReporter -->
<testsuite hostname="DESKTOP-Q9RCK1B" failures="0" tests="5" name="com.automation.runners.SalesforceRunner" time="46.175" errors="0" timestamp="2023-06-18T17:52:41 PDT" skipped="0">
  <testcase classname="com.automation.runners.SalesforceRunner" name="runScenario" time="9.807"/>
  <system-out/>
  <testcase classname="com.automation.runners.SalesforceRunner" name="runScenario" time="11.693"/>
  <system-out/>
  <testcase classname="com.automation.runners.SalesforceRunner" name="runScenario" time="8.852"/>
  <system-out/>
  <testcase classname="com.automation.runners.SalesforceRunner" name="runScenario" time="10.625"/>
  <system-out/>
  <testcase classname="com.automation.runners.SalesforceRunner" name="runScenario" time="5.198"/>
  <system-out/>
</testsuite> <!-- com.automation.runners.SalesforceRunner -->
