<?xml version="1.0" encoding="UTF-8"?>
<!-- Generated by org.testng.reporters.JUnitReportReporter -->
<testsuite hostname="DESKTOP-Q9RCK1B" failures="0" tests="2" name="com.automation.runners.SalesforceRunner" time="18.941" errors="0" timestamp="2023-06-17T22:56:56 PDT" skipped="0">
  <testcase classname="com.automation.runners.SalesforceRunner" name="runScenario" time="10.387"/>
  <system-out/>
  <testcase classname="com.automation.runners.SalesforceRunner" name="runScenario" time="8.554"/>
  <system-out/>
</testsuite> <!-- com.automation.runners.SalesforceRunner -->
