<?xml version="1.0" encoding="UTF-8"?>
<!-- Generated by org.testng.reporters.JUnitReportReporter -->
<testsuite hostname="DESKTOP-Q9RCK1B" failures="0" tests="11" name="com.automation.tests.AutomationScripts" time="17.811" errors="0" timestamp="2023-06-14T01:24:07 PDT" skipped="10">
  <testcase classname="com.automation.tests.AutomationScripts" name="testcase10_create_account" time="17.811"/>
  <system-out/>
  <testcase classname="com.automation.tests.AutomationScripts" name="testcase04a_forgot_password">
    <skipped/>
  </testcase> <!-- testcase04a_forgot_password -->
  <system-out/>
  <testcase classname="com.automation.tests.AutomationScripts" name="testcase05_username_dropdown">
    <skipped/>
  </testcase> <!-- testcase05_username_dropdown -->
  <system-out/>
  <testcase classname="com.automation.tests.AutomationScripts" name="testcase07_mySettings">
    <skipped/>
  </testcase> <!-- testcase07_mySettings -->
  <system-out/>
  <testcase classname="com.automation.tests.AutomationScripts" name="testcase08_developersConsole">
    <skipped/>
  </testcase> <!-- testcase08_developersConsole -->
  <system-out/>
  <testcase classname="com.automation.tests.AutomationScripts" name="testcase06_myProfile_option">
    <skipped/>
  </testcase> <!-- testcase06_myProfile_option -->
  <system-out/>
  <testcase classname="com.automation.tests.AutomationScripts" name="testcase03_check_remember_me">
    <skipped/>
  </testcase> <!-- testcase03_check_remember_me -->
  <system-out/>
  <testcase classname="com.automation.tests.AutomationScripts" name="testcase09_logout_option">
    <skipped/>
  </testcase> <!-- testcase09_logout_option -->
  <system-out/>
  <testcase classname="com.automation.tests.AutomationScripts" name="testcase01_login_error_message">
    <skipped/>
  </testcase> <!-- testcase01_login_error_message -->
  <system-out/>
  <testcase classname="com.automation.tests.AutomationScripts" name="testcase04b_forgot_password">
    <skipped/>
  </testcase> <!-- testcase04b_forgot_password -->
  <system-out/>
  <testcase classname="com.automation.tests.AutomationScripts" name="testcase02_login_to_sales_force">
    <skipped/>
  </testcase> <!-- testcase02_login_to_sales_force -->
  <system-out/>
</testsuite> <!-- com.automation.tests.AutomationScripts -->
