<?xml version="1.0" encoding="UTF-8"?>
<!-- Generated by org.testng.reporters.JUnitReportReporter -->
<testsuite hostname="DESKTOP-Q9RCK1B" failures="0" tests="1" name="com.automation.tests.LoginPageTests" time="7.023" errors="0" timestamp="2023-06-11T17:11:47 PDT" skipped="0">
  <testcase classname="com.automation.tests.LoginPageTests" name="login_without_password_gives_error_message" time="7.023"/>
  <system-out/>
</testsuite> <!-- com.automation.tests.LoginPageTests -->
