<?xml version="1.0" encoding="UTF-8"?>
<!-- Generated by org.testng.reporters.JUnitReportReporter -->
<testsuite hostname="DESKTOP-Q9RCK1B" failures="0" tests="1" name="selenium4.com.tekarch.SeleniumGridTest" time="19.268" errors="0" timestamp="2023-06-12T14:07:22 PDT" skipped="0">
  <testcase classname="selenium4.com.tekarch.SeleniumGridTest" name="simpleTest" time="19.268"/>
  <system-out/>
</testsuite> <!-- selenium4.com.tekarch.SeleniumGridTest -->
